<?xml version="1.0" encoding="UTF-8"?>
<!-- Generated by org.testng.reporters.JUnitReportReporter -->
<testsuite hostname="HiteshJHPJLenovoPP" failures="0" tests="1" name="Login_Success.Login" time="54.804" errors="0" timestamp="31 May 2018 12:55:47 GMT" skipped="0">
  <testcase classname="Login_Success.Login" name="test" time="54.804"/>
</testsuite> <!-- Login_Success.Login -->
