<?xml version="1.0" encoding="UTF-8"?>
<!-- Generated by org.testng.reporters.JUnitReportReporter -->
<testsuite hostname="HiteshJHPJLenovoPP" failures="0" tests="1" name="broker_createapplication_custom.broker_custom_application" time="54.088" errors="0" timestamp="20 Nov 2018 07:07:14 GMT" skipped="0">
  <testcase classname="broker_createapplication_custom.broker_custom_application" name="CreateAPP" time="54.088"/>
</testsuite> <!-- broker_createapplication_custom.broker_custom_application -->
